2019年4月11日 20:15:27

ZipExtractor started with following command line arguments.
[0] C:\Users\admin\AppData\Local\Temp\ZipExtractor.exe
[1] C:\Users\admin\AppData\Local\Temp\bilidown.zip
[2] E:\desktop\bilidown\bilidown\bilidown.exe

BackgroundWorker started successfully.
Found total of 1 files and folders inside the zip file.
Extracting bilidown.exe [100%]
Successfully launched the updated application.


2019年4月12日 23:00:01

ZipExtractor started with following command line arguments.
[0] C:\Users\admin\AppData\Local\Temp\ZipExtractor.exe
[1] C:\Users\admin\AppData\Local\Temp\bilidown.zip
[2] E:\desktop\bilidown\bilidown\bilidown.exe

BackgroundWorker started successfully.
Found total of 1 files and folders inside the zip file.
Extracting bilidown.exe [100%]
Successfully launched the updated application.


2019年4月16日 21:41:07

ZipExtractor started with following command line arguments.
[0] C:\Users\admin\AppData\Local\Temp\ZipExtractor.exe
[1] C:\Users\admin\AppData\Local\Temp\bilidown.zip
[2] E:\desktop\bilidown\bilidown\bilidown.exe

BackgroundWorker started successfully.
Found total of 1 files and folders inside the zip file.
Extracting bilidown.exe [100%]
Successfully launched the updated application.


2019年4月18日 20:32:20

ZipExtractor started with following command line arguments.
[0] C:\Users\admin\AppData\Local\Temp\ZipExtractor.exe
[1] C:\Users\admin\AppData\Local\Temp\bilidown.zip
[2] E:\desktop\bilidown\bilidown\bilidown.exe

BackgroundWorker started successfully.
Found total of 1 files and folders inside the zip file.
Extracting bilidown.exe [100%]
Successfully launched the updated application.


2019年4月22日 20:41:21

ZipExtractor started with following command line arguments.
[0] C:\Users\admin\AppData\Local\Temp\ZipExtractor.exe
[1] C:\Users\admin\AppData\Local\Temp\bilidown.zip
[2] E:\desktop\bilidown\bilidown\bilidown.exe

Waiting for application process to Exit...
BackgroundWorker started successfully.
Found total of 1 files and folders inside the zip file.
Extracting bilidown.exe [100%]
Successfully launched the updated application.


2019年11月5日 星期二 08:59:30

ZipExtractor started with following command line arguments.
[0] C:\Users\Administrator\AppData\Local\Temp\ZipExtractor.exe
[1] C:\Users\Administrator\AppData\Local\Temp\bilidown.zip
[2] C:\bilidown\bilidown.exe

Waiting for application process to Exit...
BackgroundWorker started successfully.
Found total of 2 files and folders inside the zip file.
Extracting zxing.dll [50%]
Extracting bilidown.exe [100%]
Successfully launched the updated application.


2020年3月5日 星期四 22:28:02

ZipExtractor started with following command line arguments.
[0] C:\Users\Administrator\AppData\Local\Temp\ZipExtractor.exe
[1] C:\Users\Administrator\AppData\Local\Temp\bdown.zip
[2] E:\002_soft_enhance\bilibili\bilidown\bilidown.exe

BackgroundWorker started successfully.
Found total of 1 files and folders inside the zip file.
Extracting bdown.exe [100%]
Successfully launched the updated application.


2020年3月5日 星期四 22:28:05

ZipExtractor started with following command line arguments.
[0] C:\Users\Administrator\AppData\Local\Temp\ZipExtractor.exe
[1] C:\Users\Administrator\AppData\Local\Temp\bdown.zip
[2] E:\002_soft_enhance\bilibili\bilidown\bilidown.exe

BackgroundWorker started successfully.
Found total of 1 files and folders inside the zip file.
Extracting bdown.exe [100%]
Successfully launched the updated application.


2020年3月5日 星期四 22:28:15

ZipExtractor started with following command line arguments.
[0] C:\Users\Administrator\AppData\Local\Temp\ZipExtractor.exe
[1] C:\Users\Administrator\AppData\Local\Temp\bdown.zip
[2] E:\002_soft_enhance\bilibili\bilidown\bilidown.exe

BackgroundWorker started successfully.
Found total of 1 files and folders inside the zip file.
Extracting bdown.exe [100%]
Successfully launched the updated application.


2020年3月27日 星期五 12:39:01

ZipExtractor started with following command line arguments.
[0] C:\Users\Administrator\AppData\Local\Temp\ZipExtractor.exe
[1] C:\Users\Administrator\AppData\Local\Temp\bdown.zip
[2] E:\myshare\028_bilibili\bdown.exe

BackgroundWorker started successfully.
Found total of 1 files and folders inside the zip file.
Extracting bdown.exe [100%]
Successfully launched the updated application.


2020年3月31日 星期二 09:25:35

ZipExtractor started with following command line arguments.
[0] C:\Users\Administrator\AppData\Local\Temp\ZipExtractor.exe
[1] C:\Users\Administrator\AppData\Local\Temp\bdown.zip
[2] E:\myshare\028_bilibili\bdown.exe

Waiting for application process to Exit...
BackgroundWorker started successfully.
Found total of 1 files and folders inside the zip file.
Extracting bdown.exe [100%]
Successfully launched the updated application.


2020年4月1日 星期三 07:34:20

ZipExtractor started with following command line arguments.
[0] C:\Users\Administrator\AppData\Local\Temp\ZipExtractor.exe
[1] C:\Users\Administrator\AppData\Local\Temp\bdown.zip
[2] E:\myshare\028_bilibili\bilidown.exe

BackgroundWorker started successfully.
Found total of 1 files and folders inside the zip file.
Extracting bdown.exe [100%]
Successfully launched the updated application.


2020年4月1日 星期三 07:34:23

ZipExtractor started with following command line arguments.
[0] C:\Users\Administrator\AppData\Local\Temp\ZipExtractor.exe
[1] C:\Users\Administrator\AppData\Local\Temp\bdown.zip
[2] E:\myshare\028_bilibili\bilidown.exe

BackgroundWorker started successfully.
Found total of 1 files and folders inside the zip file.
Extracting bdown.exe [100%]
Successfully launched the updated application.


2020年6月30日 星期二 08:41:18

ZipExtractor started with following command line arguments.
[0] C:\Users\Administrator\AppData\Local\Temp\ZipExtractor.exe
[1] C:\Users\Administrator\AppData\Local\Temp\bdown.zip
[2] E:\002_soft_enhance\Cadence\bi\bdown.exe

BackgroundWorker started successfully.
Found total of 1 files and folders inside the zip file.
Extracting bdown.exe [100%]
Successfully launched the updated application.


2020年10月13日 星期二 9:04:38

ZipExtractor started with following command line arguments.
[0] C:\Users\Administrator\AppData\Local\Temp\ZipExtractor.exe
[1] C:\Users\Administrator\AppData\Local\Temp\bdown.zip
[2] E:\002_soft_enhance\1\bi\bdown.exe

Waiting for application process to Exit...
BackgroundWorker started successfully.
Found total of 1 files and folders inside the zip file.
Extracting bdown.exe [100%]
Successfully launched the updated application.


2020年11月9日 星期一 13:25:31

ZipExtractor started with following command line arguments.
[0] C:\Users\Administrator\AppData\Local\Temp\ZipExtractor.exe
[1] C:\Users\Administrator\AppData\Local\Temp\bdown.zip
[2] E:\myshare\000_SRC\新建文件夹\001_WIN_EXE\bi\bilidown.exe

BackgroundWorker started successfully.
Found total of 1 files and folders inside the zip file.
Extracting bdown.exe [100%]
Successfully launched the updated application.


2020年11月9日 星期一 13:25:34

ZipExtractor started with following command line arguments.
[0] C:\Users\Administrator\AppData\Local\Temp\ZipExtractor.exe
[1] C:\Users\Administrator\AppData\Local\Temp\bdown.zip
[2] E:\myshare\000_SRC\新建文件夹\001_WIN_EXE\bi\bilidown.exe

BackgroundWorker started successfully.
Found total of 1 files and folders inside the zip file.
Extracting bdown.exe [100%]
Successfully launched the updated application.


2020年11月9日 星期一 13:25:36

ZipExtractor started with following command line arguments.
[0] C:\Users\Administrator\AppData\Local\Temp\ZipExtractor.exe
[1] C:\Users\Administrator\AppData\Local\Temp\bdown.zip
[2] E:\myshare\000_SRC\新建文件夹\001_WIN_EXE\bi\bilidown.exe

BackgroundWorker started successfully.
Found total of 1 files and folders inside the zip file.
Extracting bdown.exe [100%]
Successfully launched the updated application.


2020年11月9日 星期一 13:25:38

ZipExtractor started with following command line arguments.
[0] C:\Users\Administrator\AppData\Local\Temp\ZipExtractor.exe
[1] C:\Users\Administrator\AppData\Local\Temp\bdown.zip
[2] E:\myshare\000_SRC\新建文件夹\001_WIN_EXE\bi\bilidown.exe

BackgroundWorker started successfully.
Found total of 1 files and folders inside the zip file.
Extracting bdown.exe [100%]
Successfully launched the updated application.


2020年11月9日 星期一 13:25:50

ZipExtractor started with following command line arguments.
[0] C:\Users\Administrator\AppData\Local\Temp\ZipExtractor.exe
[1] C:\Users\Administrator\AppData\Local\Temp\bdown.zip
[2] E:\myshare\000_SRC\新建文件夹\001_WIN_EXE\bi\bilidown.exe

BackgroundWorker started successfully.
Found total of 1 files and folders inside the zip file.
Extracting bdown.exe [100%]
Successfully launched the updated application.


2020年11月9日 星期一 13:25:53

ZipExtractor started with following command line arguments.
[0] C:\Users\Administrator\AppData\Local\Temp\ZipExtractor.exe
[1] C:\Users\Administrator\AppData\Local\Temp\bdown.zip
[2] E:\myshare\000_SRC\新建文件夹\001_WIN_EXE\bi\bilidown.exe

BackgroundWorker started successfully.
Found total of 1 files and folders inside the zip file.
Extracting bdown.exe [100%]
Successfully launched the updated application.


2020年11月9日 星期一 13:25:56

ZipExtractor started with following command line arguments.
[0] C:\Users\Administrator\AppData\Local\Temp\ZipExtractor.exe
[1] C:\Users\Administrator\AppData\Local\Temp\bdown.zip
[2] E:\myshare\000_SRC\新建文件夹\001_WIN_EXE\bi\bilidown.exe

BackgroundWorker started successfully.
Found total of 1 files and folders inside the zip file.
Extracting bdown.exe [100%]
Successfully launched the updated application.


2020年11月9日 星期一 13:26:15

ZipExtractor started with following command line arguments.
[0] C:\Users\Administrator\AppData\Local\Temp\ZipExtractor.exe
[1] C:\Users\Administrator\AppData\Local\Temp\bdown.zip
[2] E:\myshare\000_SRC\new\001_WIN_EXE\bi\bilidown.exe

BackgroundWorker started successfully.
Found total of 1 files and folders inside the zip file.
Extracting bdown.exe [100%]
Successfully launched the updated application.


2020年11月9日 星期一 13:26:18

ZipExtractor started with following command line arguments.
[0] C:\Users\Administrator\AppData\Local\Temp\ZipExtractor.exe
[1] C:\Users\Administrator\AppData\Local\Temp\bdown.zip
[2] E:\myshare\000_SRC\new\001_WIN_EXE\bi\bilidown.exe

BackgroundWorker started successfully.
Found total of 1 files and folders inside the zip file.
Extracting bdown.exe [100%]
Successfully launched the updated application.


2020年11月9日 星期一 13:26:21

ZipExtractor started with following command line arguments.
[0] C:\Users\Administrator\AppData\Local\Temp\ZipExtractor.exe
[1] C:\Users\Administrator\AppData\Local\Temp\bdown.zip
[2] E:\myshare\000_SRC\new\001_WIN_EXE\bi\bilidown.exe

BackgroundWorker started successfully.
Found total of 1 files and folders inside the zip file.
Extracting bdown.exe [100%]
Successfully launched the updated application.


